<?xml version="1.0" encoding="UTF-8"?>
<testng-results ignored="0" total="60" passed="59" failed="1" skipped="0">
  <reporter-output>
  </reporter-output>
  <suite started-at="2024-04-18T13:22:08 CDT" name="Default suite" finished-at="2024-04-18T13:25:15 CDT" duration-ms="187013">
    <groups>
      <group name="cucumber">
        <method signature="AbstractTestNGCucumberTests.runScenario(io.cucumber.testng.PickleWrapper,io.cucumber.testng.FeatureWrapper)[pri:0, instance:parallel.TestNGRunner@43015c69]" name="runScenario" class="io.cucumber.testng.AbstractTestNGCucumberTests"/>
      </group> <!-- cucumber -->
    </groups>
    <test started-at="2024-04-18T13:22:08 CDT" name="Default test" finished-at="2024-04-18T13:25:15 CDT" duration-ms="187013">
      <class name="parallel.TestNGRunner">
        <test-method is-config="true" signature="defineBrowser(java.lang.String)[pri:0, instance:parallel.TestNGRunner@43015c69]" started-at="2024-04-18T13:22:08 CDT" name="defineBrowser" finished-at="2024-04-18T13:22:08 CDT" duration-ms="21" status="PASS">
          <params>
            <param index="0">
              <value>
                <![CDATA[edge]]>
              </value>
            </param>
          </params>
          <reporter-output>
          </reporter-output>
        </test-method> <!-- defineBrowser -->
        <test-method is-config="true" signature="setUpClass(org.testng.ITestContext)[pri:0, instance:parallel.TestNGRunner@43015c69]" started-at="2024-04-18T13:22:08 CDT" name="setUpClass" finished-at="2024-04-18T13:22:09 CDT" duration-ms="697" status="PASS">
          <params>
            <param index="0">
              <value>
                <![CDATA[org.testng.TestRunner@c27d163]]>
              </value>
            </param>
          </params>
          <reporter-output>
          </reporter-output>
        </test-method> <!-- setUpClass -->
        <test-method signature="runScenario(io.cucumber.testng.PickleWrapper,io.cucumber.testng.FeatureWrapper)[pri:0, instance:parallel.TestNGRunner@43015c69]" started-at="2024-04-18T13:22:09 CDT" name="runScenario" description="Runs Cucumber Scenarios" data-provider="scenarios" finished-at="2024-04-18T13:22:20 CDT" duration-ms="10910" status="PASS">
          <params>
            <param index="0">
              <value>
                <![CDATA["DS Algo Get Started page"]]>
              </value>
            </param>
            <param index="1">
              <value>
                <![CDATA["Landing Page feature"]]>
              </value>
            </param>
          </params>
          <reporter-output>
          </reporter-output>
        </test-method> <!-- runScenario -->
        <test-method signature="runScenario(io.cucumber.testng.PickleWrapper,io.cucumber.testng.FeatureWrapper)[pri:0, instance:parallel.TestNGRunner@43015c69]" started-at="2024-04-18T13:22:09 CDT" name="runScenario" description="Runs Cucumber Scenarios" data-provider="scenarios" finished-at="2024-04-18T13:22:20 CDT" duration-ms="11256" status="PASS">
          <params>
            <param index="0">
              <value>
                <![CDATA["SignIn link on DS Home Page"]]>
              </value>
            </param>
            <param index="1">
              <value>
                <![CDATA["DS Indtroduction Home Page without logging into it"]]>
              </value>
            </param>
          </params>
          <reporter-output>
          </reporter-output>
        </test-method> <!-- runScenario -->
        <test-method signature="runScenario(io.cucumber.testng.PickleWrapper,io.cucumber.testng.FeatureWrapper)[pri:0, instance:parallel.TestNGRunner@43015c69]" started-at="2024-04-18T13:22:09 CDT" name="runScenario" description="Runs Cucumber Scenarios" data-provider="scenarios" finished-at="2024-04-18T13:22:19 CDT" duration-ms="10626" status="PASS">
          <params>
            <param index="0">
              <value>
                <![CDATA["Register link on DS Home Page"]]>
              </value>
            </param>
            <param index="1">
              <value>
                <![CDATA["DS Indtroduction Home Page without logging into it"]]>
              </value>
            </param>
          </params>
          <reporter-output>
          </reporter-output>
        </test-method> <!-- runScenario -->
        <test-method signature="runScenario(io.cucumber.testng.PickleWrapper,io.cucumber.testng.FeatureWrapper)[pri:0, instance:parallel.TestNGRunner@43015c69]" started-at="2024-04-18T13:22:09 CDT" name="runScenario" description="Runs Cucumber Scenarios" data-provider="scenarios" finished-at="2024-04-18T13:22:20 CDT" duration-ms="10909" status="PASS">
          <params>
            <param index="0">
              <value>
                <![CDATA["GetStarted buttons of DataStructures"]]>
              </value>
            </param>
            <param index="1">
              <value>
                <![CDATA["DS Indtroduction Home Page without logging into it"]]>
              </value>
            </param>
          </params>
          <reporter-output>
          </reporter-output>
        </test-method> <!-- runScenario -->
        <test-method signature="runScenario(io.cucumber.testng.PickleWrapper,io.cucumber.testng.FeatureWrapper)[pri:0, instance:parallel.TestNGRunner@43015c69]" started-at="2024-04-18T13:22:09 CDT" name="runScenario" description="Runs Cucumber Scenarios" data-provider="scenarios" finished-at="2024-04-18T13:22:20 CDT" duration-ms="10896" status="PASS">
          <params>
            <param index="0">
              <value>
                <![CDATA["DataStructures Dropdown validation"]]>
              </value>
            </param>
            <param index="1">
              <value>
                <![CDATA["DS Indtroduction Home Page without logging into it"]]>
              </value>
            </param>
          </params>
          <reporter-output>
          </reporter-output>
        </test-method> <!-- runScenario -->
        <test-method signature="runScenario(io.cucumber.testng.PickleWrapper,io.cucumber.testng.FeatureWrapper)[pri:0, instance:parallel.TestNGRunner@43015c69]" started-at="2024-04-18T13:22:09 CDT" name="runScenario" description="Runs Cucumber Scenarios" data-provider="scenarios" finished-at="2024-04-18T13:22:20 CDT" duration-ms="11016" status="PASS">
          <params>
            <param index="0">
              <value>
                <![CDATA["Browser page"]]>
              </value>
            </param>
            <param index="1">
              <value>
                <![CDATA["Landing Page feature"]]>
              </value>
            </param>
          </params>
          <reporter-output>
          </reporter-output>
        </test-method> <!-- runScenario -->
        <test-method signature="runScenario(io.cucumber.testng.PickleWrapper,io.cucumber.testng.FeatureWrapper)[pri:0, instance:parallel.TestNGRunner@43015c69]" started-at="2024-04-18T13:22:19 CDT" name="runScenario" description="Runs Cucumber Scenarios" data-provider="scenarios" finished-at="2024-04-18T13:22:30 CDT" duration-ms="10958" status="PASS">
          <params>
            <param index="0">
              <value>
                <![CDATA["User Register Validation with empty input fields"]]>
              </value>
            </param>
            <param index="1">
              <value>
                <![CDATA["Test new user register functionality"]]>
              </value>
            </param>
          </params>
          <reporter-output>
          </reporter-output>
        </test-method> <!-- runScenario -->
        <test-method signature="runScenario(io.cucumber.testng.PickleWrapper,io.cucumber.testng.FeatureWrapper)[pri:0, instance:parallel.TestNGRunner@43015c69]" started-at="2024-04-18T13:22:20 CDT" name="runScenario" description="Runs Cucumber Scenarios" data-provider="scenarios" finished-at="2024-04-18T13:22:30 CDT" duration-ms="10696" status="PASS">
          <params>
            <param index="0">
              <value>
                <![CDATA["User Register Validation with empty input fields"]]>
              </value>
            </param>
            <param index="1">
              <value>
                <![CDATA["Test new user register functionality"]]>
              </value>
            </param>
          </params>
          <reporter-output>
          </reporter-output>
        </test-method> <!-- runScenario -->
        <test-method signature="runScenario(io.cucumber.testng.PickleWrapper,io.cucumber.testng.FeatureWrapper)[pri:0, instance:parallel.TestNGRunner@43015c69]" started-at="2024-04-18T13:22:20 CDT" name="runScenario" description="Runs Cucumber Scenarios" data-provider="scenarios" finished-at="2024-04-18T13:22:30 CDT" duration-ms="10429" status="PASS">
          <params>
            <param index="0">
              <value>
                <![CDATA["User Register Validation with empty input fields"]]>
              </value>
            </param>
            <param index="1">
              <value>
                <![CDATA["Test new user register functionality"]]>
              </value>
            </param>
          </params>
          <reporter-output>
          </reporter-output>
        </test-method> <!-- runScenario -->
        <test-method signature="runScenario(io.cucumber.testng.PickleWrapper,io.cucumber.testng.FeatureWrapper)[pri:0, instance:parallel.TestNGRunner@43015c69]" started-at="2024-04-18T13:22:20 CDT" name="runScenario" description="Runs Cucumber Scenarios" data-provider="scenarios" finished-at="2024-04-18T13:22:33 CDT" duration-ms="13057" status="PASS">
          <params>
            <param index="0">
              <value>
                <![CDATA["User Register Validation with empty input fields"]]>
              </value>
            </param>
            <param index="1">
              <value>
                <![CDATA["Test new user register functionality"]]>
              </value>
            </param>
          </params>
          <reporter-output>
          </reporter-output>
        </test-method> <!-- runScenario -->
        <test-method signature="runScenario(io.cucumber.testng.PickleWrapper,io.cucumber.testng.FeatureWrapper)[pri:0, instance:parallel.TestNGRunner@43015c69]" started-at="2024-04-18T13:22:20 CDT" name="runScenario" description="Runs Cucumber Scenarios" data-provider="scenarios" finished-at="2024-04-18T13:22:39 CDT" duration-ms="19387" status="PASS">
          <params>
            <param index="0">
              <value>
                <![CDATA["User Register validation with invalid values in the input fields"]]>
              </value>
            </param>
            <param index="1">
              <value>
                <![CDATA["Test new user register functionality"]]>
              </value>
            </param>
          </params>
          <reporter-output>
          </reporter-output>
        </test-method> <!-- runScenario -->
        <test-method signature="runScenario(io.cucumber.testng.PickleWrapper,io.cucumber.testng.FeatureWrapper)[pri:0, instance:parallel.TestNGRunner@43015c69]" started-at="2024-04-18T13:22:20 CDT" name="runScenario" description="Runs Cucumber Scenarios" data-provider="scenarios" finished-at="2024-04-18T13:22:26 CDT" duration-ms="5815" status="FAIL">
          <params>
            <param index="0">
              <value>
                <![CDATA["User Register validation with invalid values in the input fields"]]>
              </value>
            </param>
            <param index="1">
              <value>
                <![CDATA["Test new user register functionality"]]>
              </value>
            </param>
          </params>
          <exception class="org.openqa.selenium.WebDriverException">
            <message>
              <![CDATA[no such execution context
  (Session info: chrome=123.0.6312.123)
Build info: version: '4.17.0', revision: 'e52b1be057*'
System info: os.name: 'Windows 11', os.arch: 'amd64', os.version: '10.0', java.version: '21.0.2'
Driver info: org.openqa.selenium.chrome.ChromeDriver
Command: [5ea04e06a72e21fdadaa9de59b2d9568, deleteAllCookies {}]
Capabilities {acceptInsecureCerts: false, browserName: chrome, browserVersion: 123.0.6312.123, chrome: {chromedriverVersion: 123.0.6312.122 (31f8248cdd9..., userDataDir: C:\Users\rajes\AppData\Loca...}, fedcm:accounts: true, goog:chromeOptions: {debuggerAddress: localhost:57286}, networkConnectionEnabled: false, pageLoadStrategy: normal, platformName: windows, proxy: Proxy(), se:cdp: ws://localhost:57286/devtoo..., se:cdpVersion: 123.0.6312.123, setWindowRect: true, strictFileInteractability: false, timeouts: {implicit: 0, pageLoad: 300000, script: 30000}, unhandledPromptBehavior: dismiss and notify, webauthn:extension:credBlob: true, webauthn:extension:largeBlob: true, webauthn:extension:minPinLength: true, webauthn:extension:prf: true, webauthn:virtualAuthenticators: true}
Session ID: 5ea04e06a72e21fdadaa9de59b2d9568]]>
            </message>
            <full-stacktrace>
              <![CDATA[org.openqa.selenium.WebDriverException: no such execution context
  (Session info: chrome=123.0.6312.123)
Build info: version: '4.17.0', revision: 'e52b1be057*'
System info: os.name: 'Windows 11', os.arch: 'amd64', os.version: '10.0', java.version: '21.0.2'
Driver info: org.openqa.selenium.chrome.ChromeDriver
Command: [5ea04e06a72e21fdadaa9de59b2d9568, deleteAllCookies {}]
Capabilities {acceptInsecureCerts: false, browserName: chrome, browserVersion: 123.0.6312.123, chrome: {chromedriverVersion: 123.0.6312.122 (31f8248cdd9..., userDataDir: C:\Users\rajes\AppData\Loca...}, fedcm:accounts: true, goog:chromeOptions: {debuggerAddress: localhost:57286}, networkConnectionEnabled: false, pageLoadStrategy: normal, platformName: windows, proxy: Proxy(), se:cdp: ws://localhost:57286/devtoo..., se:cdpVersion: 123.0.6312.123, setWindowRect: true, strictFileInteractability: false, timeouts: {implicit: 0, pageLoad: 300000, script: 30000}, unhandledPromptBehavior: dismiss and notify, webauthn:extension:credBlob: true, webauthn:extension:largeBlob: true, webauthn:extension:minPinLength: true, webauthn:extension:prf: true, webauthn:virtualAuthenticators: true}
Session ID: 5ea04e06a72e21fdadaa9de59b2d9568
at java.base/jdk.internal.reflect.DirectConstructorHandleAccessor.newInstance(DirectConstructorHandleAccessor.java:62)
at java.base/java.lang.reflect.Constructor.newInstanceWithCaller(Constructor.java:502)
at java.base/java.lang.reflect.Constructor.newInstance(Constructor.java:486)
at org.openqa.selenium.remote.codec.w3c.W3CHttpResponseCodec.createException(W3CHttpResponseCodec.java:185)
at org.openqa.selenium.remote.codec.w3c.W3CHttpResponseCodec.decode(W3CHttpResponseCodec.java:134)
at org.openqa.selenium.remote.codec.w3c.W3CHttpResponseCodec.decode(W3CHttpResponseCodec.java:51)
at org.openqa.selenium.remote.HttpCommandExecutor.execute(HttpCommandExecutor.java:190)
at org.openqa.selenium.remote.service.DriverCommandExecutor.invokeExecute(DriverCommandExecutor.java:216)
at org.openqa.selenium.remote.service.DriverCommandExecutor.execute(DriverCommandExecutor.java:174)
at org.openqa.selenium.remote.RemoteWebDriver.execute(RemoteWebDriver.java:519)
at org.openqa.selenium.remote.RemoteWebDriver.execute(RemoteWebDriver.java:592)
at org.openqa.selenium.remote.RemoteWebDriver.execute(RemoteWebDriver.java:596)
at org.openqa.selenium.remote.RemoteWebDriver$RemoteWebDriverOptions.deleteAllCookies(RemoteWebDriver.java:856)
at com.qa.factory.DriverFactory.init_driver(DriverFactory.java:37)
at parallel.Applicationhooks.launchBrowser(Applicationhooks.java:33)
]]>
            </full-stacktrace>
          </exception> <!-- org.openqa.selenium.WebDriverException -->
          <reporter-output>
          </reporter-output>
        </test-method> <!-- runScenario -->
        <test-method signature="runScenario(io.cucumber.testng.PickleWrapper,io.cucumber.testng.FeatureWrapper)[pri:0, instance:parallel.TestNGRunner@43015c69]" started-at="2024-04-18T13:22:26 CDT" name="runScenario" description="Runs Cucumber Scenarios" data-provider="scenarios" finished-at="2024-04-18T13:22:38 CDT" duration-ms="12313" status="PASS">
          <params>
            <param index="0">
              <value>
                <![CDATA["User Register validation with invalid values in the input fields"]]>
              </value>
            </param>
            <param index="1">
              <value>
                <![CDATA["Test new user register functionality"]]>
              </value>
            </param>
          </params>
          <reporter-output>
          </reporter-output>
        </test-method> <!-- runScenario -->
        <test-method signature="runScenario(io.cucumber.testng.PickleWrapper,io.cucumber.testng.FeatureWrapper)[pri:0, instance:parallel.TestNGRunner@43015c69]" started-at="2024-04-18T13:22:30 CDT" name="runScenario" description="Runs Cucumber Scenarios" data-provider="scenarios" finished-at="2024-04-18T13:22:39 CDT" duration-ms="9039" status="PASS">
          <params>
            <param index="0">
              <value>
                <![CDATA["Login page title"]]>
              </value>
            </param>
            <param index="1">
              <value>
                <![CDATA["SignIn Page Functionality"]]>
              </value>
            </param>
          </params>
          <reporter-output>
          </reporter-output>
        </test-method> <!-- runScenario -->
        <test-method signature="runScenario(io.cucumber.testng.PickleWrapper,io.cucumber.testng.FeatureWrapper)[pri:0, instance:parallel.TestNGRunner@43015c69]" started-at="2024-04-18T13:22:30 CDT" name="runScenario" description="Runs Cucumber Scenarios" data-provider="scenarios" finished-at="2024-04-18T13:22:37 CDT" duration-ms="6743" status="PASS">
          <params>
            <param index="0">
              <value>
                <![CDATA["Login with correct credentials"]]>
              </value>
            </param>
            <param index="1">
              <value>
                <![CDATA["SignIn Page Functionality"]]>
              </value>
            </param>
          </params>
          <reporter-output>
          </reporter-output>
        </test-method> <!-- runScenario -->
        <test-method signature="runScenario(io.cucumber.testng.PickleWrapper,io.cucumber.testng.FeatureWrapper)[pri:0, instance:parallel.TestNGRunner@43015c69]" started-at="2024-04-18T13:22:30 CDT" name="runScenario" description="Runs Cucumber Scenarios" data-provider="scenarios" finished-at="2024-04-18T13:22:45 CDT" duration-ms="14888" status="PASS">
          <params>
            <param index="0">
              <value>
                <![CDATA["Login Page Validation with Valid input"]]>
              </value>
            </param>
            <param index="1">
              <value>
                <![CDATA["SignIn Page Functionality"]]>
              </value>
            </param>
          </params>
          <reporter-output>
          </reporter-output>
        </test-method> <!-- runScenario -->
        <test-method signature="runScenario(io.cucumber.testng.PickleWrapper,io.cucumber.testng.FeatureWrapper)[pri:0, instance:parallel.TestNGRunner@43015c69]" started-at="2024-04-18T13:22:33 CDT" name="runScenario" description="Runs Cucumber Scenarios" data-provider="scenarios" finished-at="2024-04-18T13:22:45 CDT" duration-ms="12630" status="PASS">
          <params>
            <param index="0">
              <value>
                <![CDATA["Login Page Validation with Invaid input"]]>
              </value>
            </param>
            <param index="1">
              <value>
                <![CDATA["SignIn Page Functionality"]]>
              </value>
            </param>
          </params>
          <reporter-output>
          </reporter-output>
        </test-method> <!-- runScenario -->
        <test-method signature="runScenario(io.cucumber.testng.PickleWrapper,io.cucumber.testng.FeatureWrapper)[pri:0, instance:parallel.TestNGRunner@43015c69]" started-at="2024-04-18T13:22:37 CDT" name="runScenario" description="Runs Cucumber Scenarios" data-provider="scenarios" finished-at="2024-04-18T13:22:57 CDT" duration-ms="20176" status="PASS">
          <params>
            <param index="0">
              <value>
                <![CDATA["Login Page Validation with Invaid input"]]>
              </value>
            </param>
            <param index="1">
              <value>
                <![CDATA["SignIn Page Functionality"]]>
              </value>
            </param>
          </params>
          <reporter-output>
          </reporter-output>
        </test-method> <!-- runScenario -->
        <test-method signature="runScenario(io.cucumber.testng.PickleWrapper,io.cucumber.testng.FeatureWrapper)[pri:0, instance:parallel.TestNGRunner@43015c69]" started-at="2024-04-18T13:22:38 CDT" name="runScenario" description="Runs Cucumber Scenarios" data-provider="scenarios" finished-at="2024-04-18T13:22:46 CDT" duration-ms="7806" status="PASS">
          <params>
            <param index="0">
              <value>
                <![CDATA["Login Page Validation with Invaid input"]]>
              </value>
            </param>
            <param index="1">
              <value>
                <![CDATA["SignIn Page Functionality"]]>
              </value>
            </param>
          </params>
          <reporter-output>
          </reporter-output>
        </test-method> <!-- runScenario -->
        <test-method signature="runScenario(io.cucumber.testng.PickleWrapper,io.cucumber.testng.FeatureWrapper)[pri:0, instance:parallel.TestNGRunner@43015c69]" started-at="2024-04-18T13:22:39 CDT" name="runScenario" description="Runs Cucumber Scenarios" data-provider="scenarios" finished-at="2024-04-18T13:22:46 CDT" duration-ms="7003" status="PASS">
          <params>
            <param index="0">
              <value>
                <![CDATA["Login Page Validation with Invaid input"]]>
              </value>
            </param>
            <param index="1">
              <value>
                <![CDATA["SignIn Page Functionality"]]>
              </value>
            </param>
          </params>
          <reporter-output>
          </reporter-output>
        </test-method> <!-- runScenario -->
        <test-method signature="runScenario(io.cucumber.testng.PickleWrapper,io.cucumber.testng.FeatureWrapper)[pri:0, instance:parallel.TestNGRunner@43015c69]" started-at="2024-04-18T13:22:39 CDT" name="runScenario" description="Runs Cucumber Scenarios" data-provider="scenarios" finished-at="2024-04-18T13:22:51 CDT" duration-ms="12163" status="PASS">
          <params>
            <param index="0">
              <value>
                <![CDATA["Login Page Validation with Invaid input"]]>
              </value>
            </param>
            <param index="1">
              <value>
                <![CDATA["SignIn Page Functionality"]]>
              </value>
            </param>
          </params>
          <reporter-output>
          </reporter-output>
        </test-method> <!-- runScenario -->
        <test-method signature="runScenario(io.cucumber.testng.PickleWrapper,io.cucumber.testng.FeatureWrapper)[pri:0, instance:parallel.TestNGRunner@43015c69]" started-at="2024-04-18T13:22:45 CDT" name="runScenario" description="Runs Cucumber Scenarios" data-provider="scenarios" finished-at="2024-04-18T13:22:54 CDT" duration-ms="9187" status="PASS">
          <params>
            <param index="0">
              <value>
                <![CDATA["Login Page Validation with Invaid input"]]>
              </value>
            </param>
            <param index="1">
              <value>
                <![CDATA["SignIn Page Functionality"]]>
              </value>
            </param>
          </params>
          <reporter-output>
          </reporter-output>
        </test-method> <!-- runScenario -->
        <test-method signature="runScenario(io.cucumber.testng.PickleWrapper,io.cucumber.testng.FeatureWrapper)[pri:0, instance:parallel.TestNGRunner@43015c69]" started-at="2024-04-18T13:22:45 CDT" name="runScenario" description="Runs Cucumber Scenarios" data-provider="scenarios" finished-at="2024-04-18T13:23:10 CDT" duration-ms="24857" status="PASS">
          <params>
            <param index="0">
              <value>
                <![CDATA["Try Editor validation for DS Intro with testcodes"]]>
              </value>
            </param>
            <param index="1">
              <value>
                <![CDATA["DSIntro Functionality with login"]]>
              </value>
            </param>
          </params>
          <reporter-output>
          </reporter-output>
        </test-method> <!-- runScenario -->
        <test-method signature="runScenario(io.cucumber.testng.PickleWrapper,io.cucumber.testng.FeatureWrapper)[pri:0, instance:parallel.TestNGRunner@43015c69]" started-at="2024-04-18T13:22:46 CDT" name="runScenario" description="Runs Cucumber Scenarios" data-provider="scenarios" finished-at="2024-04-18T13:23:10 CDT" duration-ms="24476" status="PASS">
          <params>
            <param index="0">
              <value>
                <![CDATA["Try Editor validation for Array with testcodes"]]>
              </value>
            </param>
            <param index="1">
              <value>
                <![CDATA["Array Functionality with login"]]>
              </value>
            </param>
          </params>
          <reporter-output>
          </reporter-output>
        </test-method> <!-- runScenario -->
        <test-method signature="runScenario(io.cucumber.testng.PickleWrapper,io.cucumber.testng.FeatureWrapper)[pri:0, instance:parallel.TestNGRunner@43015c69]" started-at="2024-04-18T13:22:46 CDT" name="runScenario" description="Runs Cucumber Scenarios" data-provider="scenarios" finished-at="2024-04-18T13:23:10 CDT" duration-ms="23860" status="PASS">
          <params>
            <param index="0">
              <value>
                <![CDATA["Try Editor validation for Array with testcodes"]]>
              </value>
            </param>
            <param index="1">
              <value>
                <![CDATA["Array Functionality with login"]]>
              </value>
            </param>
          </params>
          <reporter-output>
          </reporter-output>
        </test-method> <!-- runScenario -->
        <test-method signature="runScenario(io.cucumber.testng.PickleWrapper,io.cucumber.testng.FeatureWrapper)[pri:0, instance:parallel.TestNGRunner@43015c69]" started-at="2024-04-18T13:22:51 CDT" name="runScenario" description="Runs Cucumber Scenarios" data-provider="scenarios" finished-at="2024-04-18T13:23:22 CDT" duration-ms="30740" status="PASS">
          <params>
            <param index="0">
              <value>
                <![CDATA["Try Editor validation for Array with testcodes"]]>
              </value>
            </param>
            <param index="1">
              <value>
                <![CDATA["Array Functionality with login"]]>
              </value>
            </param>
          </params>
          <reporter-output>
          </reporter-output>
        </test-method> <!-- runScenario -->
        <test-method signature="runScenario(io.cucumber.testng.PickleWrapper,io.cucumber.testng.FeatureWrapper)[pri:0, instance:parallel.TestNGRunner@43015c69]" started-at="2024-04-18T13:22:54 CDT" name="runScenario" description="Runs Cucumber Scenarios" data-provider="scenarios" finished-at="2024-04-18T13:23:23 CDT" duration-ms="28302" status="PASS">
          <params>
            <param index="0">
              <value>
                <![CDATA["Try Editor validation for Array with testcodes"]]>
              </value>
            </param>
            <param index="1">
              <value>
                <![CDATA["Array Functionality with login"]]>
              </value>
            </param>
          </params>
          <reporter-output>
          </reporter-output>
        </test-method> <!-- runScenario -->
        <test-method signature="runScenario(io.cucumber.testng.PickleWrapper,io.cucumber.testng.FeatureWrapper)[pri:0, instance:parallel.TestNGRunner@43015c69]" started-at="2024-04-18T13:22:57 CDT" name="runScenario" description="Runs Cucumber Scenarios" data-provider="scenarios" finished-at="2024-04-18T13:23:10 CDT" duration-ms="12639" status="PASS">
          <params>
            <param index="0">
              <value>
                <![CDATA["Practice Questions Validation with valid codes"]]>
              </value>
            </param>
            <param index="1">
              <value>
                <![CDATA["Array Functionality with login"]]>
              </value>
            </param>
          </params>
          <reporter-output>
          </reporter-output>
        </test-method> <!-- runScenario -->
        <test-method signature="runScenario(io.cucumber.testng.PickleWrapper,io.cucumber.testng.FeatureWrapper)[pri:0, instance:parallel.TestNGRunner@43015c69]" started-at="2024-04-18T13:23:10 CDT" name="runScenario" description="Runs Cucumber Scenarios" data-provider="scenarios" finished-at="2024-04-18T13:23:24 CDT" duration-ms="13790" status="PASS">
          <params>
            <param index="0">
              <value>
                <![CDATA["Practice Questions Validation with valid codes"]]>
              </value>
            </param>
            <param index="1">
              <value>
                <![CDATA["Array Functionality with login"]]>
              </value>
            </param>
          </params>
          <reporter-output>
          </reporter-output>
        </test-method> <!-- runScenario -->
        <test-method signature="runScenario(io.cucumber.testng.PickleWrapper,io.cucumber.testng.FeatureWrapper)[pri:0, instance:parallel.TestNGRunner@43015c69]" started-at="2024-04-18T13:23:10 CDT" name="runScenario" description="Runs Cucumber Scenarios" data-provider="scenarios" finished-at="2024-04-18T13:23:23 CDT" duration-ms="12729" status="PASS">
          <params>
            <param index="0">
              <value>
                <![CDATA["Practice Questions Validation with valid codes"]]>
              </value>
            </param>
            <param index="1">
              <value>
                <![CDATA["Array Functionality with login"]]>
              </value>
            </param>
          </params>
          <reporter-output>
          </reporter-output>
        </test-method> <!-- runScenario -->
        <test-method signature="runScenario(io.cucumber.testng.PickleWrapper,io.cucumber.testng.FeatureWrapper)[pri:0, instance:parallel.TestNGRunner@43015c69]" started-at="2024-04-18T13:23:10 CDT" name="runScenario" description="Runs Cucumber Scenarios" data-provider="scenarios" finished-at="2024-04-18T13:23:35 CDT" duration-ms="24441" status="PASS">
          <params>
            <param index="0">
              <value>
                <![CDATA["Practice Questions Validation with valid codes"]]>
              </value>
            </param>
            <param index="1">
              <value>
                <![CDATA["Array Functionality with login"]]>
              </value>
            </param>
          </params>
          <reporter-output>
          </reporter-output>
        </test-method> <!-- runScenario -->
        <test-method signature="runScenario(io.cucumber.testng.PickleWrapper,io.cucumber.testng.FeatureWrapper)[pri:0, instance:parallel.TestNGRunner@43015c69]" started-at="2024-04-18T13:23:10 CDT" name="runScenario" description="Runs Cucumber Scenarios" data-provider="scenarios" finished-at="2024-04-18T13:23:34 CDT" duration-ms="23745" status="PASS">
          <params>
            <param index="0">
              <value>
                <![CDATA["Try Editor validation for Linkedlist with testcodes"]]>
              </value>
            </param>
            <param index="1">
              <value>
                <![CDATA["Linkedlist Functionality with login"]]>
              </value>
            </param>
          </params>
          <reporter-output>
          </reporter-output>
        </test-method> <!-- runScenario -->
        <test-method signature="runScenario(io.cucumber.testng.PickleWrapper,io.cucumber.testng.FeatureWrapper)[pri:0, instance:parallel.TestNGRunner@43015c69]" started-at="2024-04-18T13:23:22 CDT" name="runScenario" description="Runs Cucumber Scenarios" data-provider="scenarios" finished-at="2024-04-18T13:23:44 CDT" duration-ms="21836" status="PASS">
          <params>
            <param index="0">
              <value>
                <![CDATA["Try Editor validation for Linkedlist with testcodes"]]>
              </value>
            </param>
            <param index="1">
              <value>
                <![CDATA["Linkedlist Functionality with login"]]>
              </value>
            </param>
          </params>
          <reporter-output>
          </reporter-output>
        </test-method> <!-- runScenario -->
        <test-method signature="runScenario(io.cucumber.testng.PickleWrapper,io.cucumber.testng.FeatureWrapper)[pri:0, instance:parallel.TestNGRunner@43015c69]" started-at="2024-04-18T13:23:23 CDT" name="runScenario" description="Runs Cucumber Scenarios" data-provider="scenarios" finished-at="2024-04-18T13:23:44 CDT" duration-ms="21601" status="PASS">
          <params>
            <param index="0">
              <value>
                <![CDATA["Try Editor validation for Linkedlist with testcodes"]]>
              </value>
            </param>
            <param index="1">
              <value>
                <![CDATA["Linkedlist Functionality with login"]]>
              </value>
            </param>
          </params>
          <reporter-output>
          </reporter-output>
        </test-method> <!-- runScenario -->
        <test-method signature="runScenario(io.cucumber.testng.PickleWrapper,io.cucumber.testng.FeatureWrapper)[pri:0, instance:parallel.TestNGRunner@43015c69]" started-at="2024-04-18T13:23:23 CDT" name="runScenario" description="Runs Cucumber Scenarios" data-provider="scenarios" finished-at="2024-04-18T13:23:51 CDT" duration-ms="27994" status="PASS">
          <params>
            <param index="0">
              <value>
                <![CDATA["Try Editor validation for Linkedlist with testcodes"]]>
              </value>
            </param>
            <param index="1">
              <value>
                <![CDATA["Linkedlist Functionality with login"]]>
              </value>
            </param>
          </params>
          <reporter-output>
          </reporter-output>
        </test-method> <!-- runScenario -->
        <test-method signature="runScenario(io.cucumber.testng.PickleWrapper,io.cucumber.testng.FeatureWrapper)[pri:0, instance:parallel.TestNGRunner@43015c69]" started-at="2024-04-18T13:23:24 CDT" name="runScenario" description="Runs Cucumber Scenarios" data-provider="scenarios" finished-at="2024-04-18T13:23:44 CDT" duration-ms="20329" status="PASS">
          <params>
            <param index="0">
              <value>
                <![CDATA["Try Editor validation for Linkedlist with testcodes"]]>
              </value>
            </param>
            <param index="1">
              <value>
                <![CDATA["Linkedlist Functionality with login"]]>
              </value>
            </param>
          </params>
          <reporter-output>
          </reporter-output>
        </test-method> <!-- runScenario -->
        <test-method signature="runScenario(io.cucumber.testng.PickleWrapper,io.cucumber.testng.FeatureWrapper)[pri:0, instance:parallel.TestNGRunner@43015c69]" started-at="2024-04-18T13:23:34 CDT" name="runScenario" description="Runs Cucumber Scenarios" data-provider="scenarios" finished-at="2024-04-18T13:23:55 CDT" duration-ms="21396" status="PASS">
          <params>
            <param index="0">
              <value>
                <![CDATA["Try Editor validation for Linkedlist with testcodes"]]>
              </value>
            </param>
            <param index="1">
              <value>
                <![CDATA["Linkedlist Functionality with login"]]>
              </value>
            </param>
          </params>
          <reporter-output>
          </reporter-output>
        </test-method> <!-- runScenario -->
        <test-method signature="runScenario(io.cucumber.testng.PickleWrapper,io.cucumber.testng.FeatureWrapper)[pri:0, instance:parallel.TestNGRunner@43015c69]" started-at="2024-04-18T13:23:35 CDT" name="runScenario" description="Runs Cucumber Scenarios" data-provider="scenarios" finished-at="2024-04-18T13:23:56 CDT" duration-ms="21042" status="PASS">
          <params>
            <param index="0">
              <value>
                <![CDATA["Try Editor validation for Linkedlist with testcodes"]]>
              </value>
            </param>
            <param index="1">
              <value>
                <![CDATA["Linkedlist Functionality with login"]]>
              </value>
            </param>
          </params>
          <reporter-output>
          </reporter-output>
        </test-method> <!-- runScenario -->
        <test-method signature="runScenario(io.cucumber.testng.PickleWrapper,io.cucumber.testng.FeatureWrapper)[pri:0, instance:parallel.TestNGRunner@43015c69]" started-at="2024-04-18T13:23:44 CDT" name="runScenario" description="Runs Cucumber Scenarios" data-provider="scenarios" finished-at="2024-04-18T13:24:05 CDT" duration-ms="21201" status="PASS">
          <params>
            <param index="0">
              <value>
                <![CDATA["Try Editor validation for Stack with testcodes"]]>
              </value>
            </param>
            <param index="1">
              <value>
                <![CDATA["Stack Functionality with login"]]>
              </value>
            </param>
          </params>
          <reporter-output>
          </reporter-output>
        </test-method> <!-- runScenario -->
        <test-method signature="runScenario(io.cucumber.testng.PickleWrapper,io.cucumber.testng.FeatureWrapper)[pri:0, instance:parallel.TestNGRunner@43015c69]" started-at="2024-04-18T13:23:44 CDT" name="runScenario" description="Runs Cucumber Scenarios" data-provider="scenarios" finished-at="2024-04-18T13:24:05 CDT" duration-ms="21038" status="PASS">
          <params>
            <param index="0">
              <value>
                <![CDATA["Try Editor validation for Stack with testcodes"]]>
              </value>
            </param>
            <param index="1">
              <value>
                <![CDATA["Stack Functionality with login"]]>
              </value>
            </param>
          </params>
          <reporter-output>
          </reporter-output>
        </test-method> <!-- runScenario -->
        <test-method signature="runScenario(io.cucumber.testng.PickleWrapper,io.cucumber.testng.FeatureWrapper)[pri:0, instance:parallel.TestNGRunner@43015c69]" started-at="2024-04-18T13:23:44 CDT" name="runScenario" description="Runs Cucumber Scenarios" data-provider="scenarios" finished-at="2024-04-18T13:24:05 CDT" duration-ms="20663" status="PASS">
          <params>
            <param index="0">
              <value>
                <![CDATA["Try Editor validation for Stack with testcodes"]]>
              </value>
            </param>
            <param index="1">
              <value>
                <![CDATA["Stack Functionality with login"]]>
              </value>
            </param>
          </params>
          <reporter-output>
          </reporter-output>
        </test-method> <!-- runScenario -->
        <test-method signature="runScenario(io.cucumber.testng.PickleWrapper,io.cucumber.testng.FeatureWrapper)[pri:0, instance:parallel.TestNGRunner@43015c69]" started-at="2024-04-18T13:23:51 CDT" name="runScenario" description="Runs Cucumber Scenarios" data-provider="scenarios" finished-at="2024-04-18T13:24:14 CDT" duration-ms="23191" status="PASS">
          <params>
            <param index="0">
              <value>
                <![CDATA["Try Editor validation for Queue with testcodes"]]>
              </value>
            </param>
            <param index="1">
              <value>
                <![CDATA["Queue Functionality with login"]]>
              </value>
            </param>
          </params>
          <reporter-output>
          </reporter-output>
        </test-method> <!-- runScenario -->
        <test-method signature="runScenario(io.cucumber.testng.PickleWrapper,io.cucumber.testng.FeatureWrapper)[pri:0, instance:parallel.TestNGRunner@43015c69]" started-at="2024-04-18T13:23:55 CDT" name="runScenario" description="Runs Cucumber Scenarios" data-provider="scenarios" finished-at="2024-04-18T13:24:16 CDT" duration-ms="20029" status="PASS">
          <params>
            <param index="0">
              <value>
                <![CDATA["Try Editor validation for Queue with testcodes"]]>
              </value>
            </param>
            <param index="1">
              <value>
                <![CDATA["Queue Functionality with login"]]>
              </value>
            </param>
          </params>
          <reporter-output>
          </reporter-output>
        </test-method> <!-- runScenario -->
        <test-method signature="runScenario(io.cucumber.testng.PickleWrapper,io.cucumber.testng.FeatureWrapper)[pri:0, instance:parallel.TestNGRunner@43015c69]" started-at="2024-04-18T13:23:56 CDT" name="runScenario" description="Runs Cucumber Scenarios" data-provider="scenarios" finished-at="2024-04-18T13:24:16 CDT" duration-ms="20375" status="PASS">
          <params>
            <param index="0">
              <value>
                <![CDATA["Try Editor validation for Queue with testcodes"]]>
              </value>
            </param>
            <param index="1">
              <value>
                <![CDATA["Queue Functionality with login"]]>
              </value>
            </param>
          </params>
          <reporter-output>
          </reporter-output>
        </test-method> <!-- runScenario -->
        <test-method signature="runScenario(io.cucumber.testng.PickleWrapper,io.cucumber.testng.FeatureWrapper)[pri:0, instance:parallel.TestNGRunner@43015c69]" started-at="2024-04-18T13:24:05 CDT" name="runScenario" description="Runs Cucumber Scenarios" data-provider="scenarios" finished-at="2024-04-18T13:24:26 CDT" duration-ms="20823" status="PASS">
          <params>
            <param index="0">
              <value>
                <![CDATA["Try Editor validation for Queue with testcodes"]]>
              </value>
            </param>
            <param index="1">
              <value>
                <![CDATA["Queue Functionality with login"]]>
              </value>
            </param>
          </params>
          <reporter-output>
          </reporter-output>
        </test-method> <!-- runScenario -->
        <test-method signature="runScenario(io.cucumber.testng.PickleWrapper,io.cucumber.testng.FeatureWrapper)[pri:0, instance:parallel.TestNGRunner@43015c69]" started-at="2024-04-18T13:24:05 CDT" name="runScenario" description="Runs Cucumber Scenarios" data-provider="scenarios" finished-at="2024-04-18T13:24:26 CDT" duration-ms="20637" status="PASS">
          <params>
            <param index="0">
              <value>
                <![CDATA["Try Editor validation for Tree with testcodes"]]>
              </value>
            </param>
            <param index="1">
              <value>
                <![CDATA["Tree Functionality with login"]]>
              </value>
            </param>
          </params>
          <reporter-output>
          </reporter-output>
        </test-method> <!-- runScenario -->
        <test-method signature="runScenario(io.cucumber.testng.PickleWrapper,io.cucumber.testng.FeatureWrapper)[pri:0, instance:parallel.TestNGRunner@43015c69]" started-at="2024-04-18T13:24:05 CDT" name="runScenario" description="Runs Cucumber Scenarios" data-provider="scenarios" finished-at="2024-04-18T13:24:26 CDT" duration-ms="20820" status="PASS">
          <params>
            <param index="0">
              <value>
                <![CDATA["Try Editor validation for Tree with testcodes"]]>
              </value>
            </param>
            <param index="1">
              <value>
                <![CDATA["Tree Functionality with login"]]>
              </value>
            </param>
          </params>
          <reporter-output>
          </reporter-output>
        </test-method> <!-- runScenario -->
        <test-method signature="runScenario(io.cucumber.testng.PickleWrapper,io.cucumber.testng.FeatureWrapper)[pri:0, instance:parallel.TestNGRunner@43015c69]" started-at="2024-04-18T13:24:14 CDT" name="runScenario" description="Runs Cucumber Scenarios" data-provider="scenarios" finished-at="2024-04-18T13:24:34 CDT" duration-ms="19707" status="PASS">
          <params>
            <param index="0">
              <value>
                <![CDATA["Try Editor validation for Tree with testcodes"]]>
              </value>
            </param>
            <param index="1">
              <value>
                <![CDATA["Tree Functionality with login"]]>
              </value>
            </param>
          </params>
          <reporter-output>
          </reporter-output>
        </test-method> <!-- runScenario -->
        <test-method signature="runScenario(io.cucumber.testng.PickleWrapper,io.cucumber.testng.FeatureWrapper)[pri:0, instance:parallel.TestNGRunner@43015c69]" started-at="2024-04-18T13:24:16 CDT" name="runScenario" description="Runs Cucumber Scenarios" data-provider="scenarios" finished-at="2024-04-18T13:24:38 CDT" duration-ms="22819" status="PASS">
          <params>
            <param index="0">
              <value>
                <![CDATA["Try Editor validation for Tree with testcodes"]]>
              </value>
            </param>
            <param index="1">
              <value>
                <![CDATA["Tree Functionality with login"]]>
              </value>
            </param>
          </params>
          <reporter-output>
          </reporter-output>
        </test-method> <!-- runScenario -->
        <test-method signature="runScenario(io.cucumber.testng.PickleWrapper,io.cucumber.testng.FeatureWrapper)[pri:0, instance:parallel.TestNGRunner@43015c69]" started-at="2024-04-18T13:24:16 CDT" name="runScenario" description="Runs Cucumber Scenarios" data-provider="scenarios" finished-at="2024-04-18T13:24:39 CDT" duration-ms="23057" status="PASS">
          <params>
            <param index="0">
              <value>
                <![CDATA["Try Editor validation for Tree with testcodes"]]>
              </value>
            </param>
            <param index="1">
              <value>
                <![CDATA["Tree Functionality with login"]]>
              </value>
            </param>
          </params>
          <reporter-output>
          </reporter-output>
        </test-method> <!-- runScenario -->
        <test-method signature="runScenario(io.cucumber.testng.PickleWrapper,io.cucumber.testng.FeatureWrapper)[pri:0, instance:parallel.TestNGRunner@43015c69]" started-at="2024-04-18T13:24:26 CDT" name="runScenario" description="Runs Cucumber Scenarios" data-provider="scenarios" finished-at="2024-04-18T13:24:46 CDT" duration-ms="20783" status="PASS">
          <params>
            <param index="0">
              <value>
                <![CDATA["Try Editor validation for Tree with testcodes"]]>
              </value>
            </param>
            <param index="1">
              <value>
                <![CDATA["Tree Functionality with login"]]>
              </value>
            </param>
          </params>
          <reporter-output>
          </reporter-output>
        </test-method> <!-- runScenario -->
        <test-method signature="runScenario(io.cucumber.testng.PickleWrapper,io.cucumber.testng.FeatureWrapper)[pri:0, instance:parallel.TestNGRunner@43015c69]" started-at="2024-04-18T13:24:26 CDT" name="runScenario" description="Runs Cucumber Scenarios" data-provider="scenarios" finished-at="2024-04-18T13:24:51 CDT" duration-ms="25301" status="PASS">
          <params>
            <param index="0">
              <value>
                <![CDATA["Try Editor validation for Tree with testcodes"]]>
              </value>
            </param>
            <param index="1">
              <value>
                <![CDATA["Tree Functionality with login"]]>
              </value>
            </param>
          </params>
          <reporter-output>
          </reporter-output>
        </test-method> <!-- runScenario -->
        <test-method signature="runScenario(io.cucumber.testng.PickleWrapper,io.cucumber.testng.FeatureWrapper)[pri:0, instance:parallel.TestNGRunner@43015c69]" started-at="2024-04-18T13:24:26 CDT" name="runScenario" description="Runs Cucumber Scenarios" data-provider="scenarios" finished-at="2024-04-18T13:24:51 CDT" duration-ms="25039" status="PASS">
          <params>
            <param index="0">
              <value>
                <![CDATA["Try Editor validation for Tree with testcodes"]]>
              </value>
            </param>
            <param index="1">
              <value>
                <![CDATA["Tree Functionality with login"]]>
              </value>
            </param>
          </params>
          <reporter-output>
          </reporter-output>
        </test-method> <!-- runScenario -->
        <test-method signature="runScenario(io.cucumber.testng.PickleWrapper,io.cucumber.testng.FeatureWrapper)[pri:0, instance:parallel.TestNGRunner@43015c69]" started-at="2024-04-18T13:24:34 CDT" name="runScenario" description="Runs Cucumber Scenarios" data-provider="scenarios" finished-at="2024-04-18T13:25:00 CDT" duration-ms="26291" status="PASS">
          <params>
            <param index="0">
              <value>
                <![CDATA["Try Editor validation for Tree with testcodes"]]>
              </value>
            </param>
            <param index="1">
              <value>
                <![CDATA["Tree Functionality with login"]]>
              </value>
            </param>
          </params>
          <reporter-output>
          </reporter-output>
        </test-method> <!-- runScenario -->
        <test-method signature="runScenario(io.cucumber.testng.PickleWrapper,io.cucumber.testng.FeatureWrapper)[pri:0, instance:parallel.TestNGRunner@43015c69]" started-at="2024-04-18T13:24:38 CDT" name="runScenario" description="Runs Cucumber Scenarios" data-provider="scenarios" finished-at="2024-04-18T13:25:00 CDT" duration-ms="22015" status="PASS">
          <params>
            <param index="0">
              <value>
                <![CDATA["Try Editor validation for Tree with testcodes"]]>
              </value>
            </param>
            <param index="1">
              <value>
                <![CDATA["Tree Functionality with login"]]>
              </value>
            </param>
          </params>
          <reporter-output>
          </reporter-output>
        </test-method> <!-- runScenario -->
        <test-method signature="runScenario(io.cucumber.testng.PickleWrapper,io.cucumber.testng.FeatureWrapper)[pri:0, instance:parallel.TestNGRunner@43015c69]" started-at="2024-04-18T13:24:39 CDT" name="runScenario" description="Runs Cucumber Scenarios" data-provider="scenarios" finished-at="2024-04-18T13:25:00 CDT" duration-ms="21303" status="PASS">
          <params>
            <param index="0">
              <value>
                <![CDATA["Try Editor validation for Tree with testcodes"]]>
              </value>
            </param>
            <param index="1">
              <value>
                <![CDATA["Tree Functionality with login"]]>
              </value>
            </param>
          </params>
          <reporter-output>
          </reporter-output>
        </test-method> <!-- runScenario -->
        <test-method signature="runScenario(io.cucumber.testng.PickleWrapper,io.cucumber.testng.FeatureWrapper)[pri:0, instance:parallel.TestNGRunner@43015c69]" started-at="2024-04-18T13:24:46 CDT" name="runScenario" description="Runs Cucumber Scenarios" data-provider="scenarios" finished-at="2024-04-18T13:25:05 CDT" duration-ms="18742" status="PASS">
          <params>
            <param index="0">
              <value>
                <![CDATA["Try Editor validation for Tree with testcodes"]]>
              </value>
            </param>
            <param index="1">
              <value>
                <![CDATA["Tree Functionality with login"]]>
              </value>
            </param>
          </params>
          <reporter-output>
          </reporter-output>
        </test-method> <!-- runScenario -->
        <test-method signature="runScenario(io.cucumber.testng.PickleWrapper,io.cucumber.testng.FeatureWrapper)[pri:0, instance:parallel.TestNGRunner@43015c69]" started-at="2024-04-18T13:24:51 CDT" name="runScenario" description="Runs Cucumber Scenarios" data-provider="scenarios" finished-at="2024-04-18T13:25:08 CDT" duration-ms="17102" status="PASS">
          <params>
            <param index="0">
              <value>
                <![CDATA["Try Editor validation for Tree with testcodes"]]>
              </value>
            </param>
            <param index="1">
              <value>
                <![CDATA["Tree Functionality with login"]]>
              </value>
            </param>
          </params>
          <reporter-output>
          </reporter-output>
        </test-method> <!-- runScenario -->
        <test-method signature="runScenario(io.cucumber.testng.PickleWrapper,io.cucumber.testng.FeatureWrapper)[pri:0, instance:parallel.TestNGRunner@43015c69]" started-at="2024-04-18T13:24:51 CDT" name="runScenario" description="Runs Cucumber Scenarios" data-provider="scenarios" finished-at="2024-04-18T13:25:08 CDT" duration-ms="16843" status="PASS">
          <params>
            <param index="0">
              <value>
                <![CDATA["Try Editor validation for Graph with testcodes"]]>
              </value>
            </param>
            <param index="1">
              <value>
                <![CDATA["Graph Functionality with login"]]>
              </value>
            </param>
          </params>
          <reporter-output>
          </reporter-output>
        </test-method> <!-- runScenario -->
        <test-method signature="runScenario(io.cucumber.testng.PickleWrapper,io.cucumber.testng.FeatureWrapper)[pri:0, instance:parallel.TestNGRunner@43015c69]" started-at="2024-04-18T13:25:00 CDT" name="runScenario" description="Runs Cucumber Scenarios" data-provider="scenarios" finished-at="2024-04-18T13:25:12 CDT" duration-ms="12080" status="PASS">
          <params>
            <param index="0">
              <value>
                <![CDATA["Try Editor validation for Graph with testcodes"]]>
              </value>
            </param>
            <param index="1">
              <value>
                <![CDATA["Graph Functionality with login"]]>
              </value>
            </param>
          </params>
          <reporter-output>
          </reporter-output>
        </test-method> <!-- runScenario -->
        <test-method is-config="true" signature="tearDownClass()[pri:0, instance:parallel.TestNGRunner@43015c69]" started-at="2024-04-18T13:25:12 CDT" name="tearDownClass" finished-at="2024-04-18T13:25:15 CDT" duration-ms="2880" status="PASS">
          <reporter-output>
          </reporter-output>
        </test-method> <!-- tearDownClass -->
      </class> <!-- parallel.TestNGRunner -->
    </test> <!-- Default test -->
  </suite> <!-- Default suite -->
</testng-results>
